c:\users\easton\desktop\popcorn\popcorn\x64\debug\vc145.pdb
c:\users\easton\desktop\popcorn\popcorn\x64\debug\vc145.idb
c:\users\easton\desktop\popcorn\popcorn\x64\debug\active_brick.obj
c:\users\easton\desktop\popcorn\popcorn\x64\debug\platform.obj
c:\users\easton\desktop\popcorn\popcorn\x64\debug\main.obj
c:\users\easton\desktop\popcorn\popcorn\x64\debug\level.obj
c:\users\easton\desktop\popcorn\popcorn\x64\debug\falling_letter.obj
c:\users\easton\desktop\popcorn\popcorn\x64\debug\engine.obj
c:\users\easton\desktop\popcorn\popcorn\x64\debug\config.obj
c:\users\easton\desktop\popcorn\popcorn\x64\debug\border.obj
c:\users\easton\desktop\popcorn\popcorn\x64\debug\ball.obj
c:\users\easton\desktop\popcorn\x64\debug\popcorn.exe
c:\users\easton\desktop\popcorn\x64\debug\popcorn.pdb
c:\users\easton\desktop\popcorn\popcorn\x64\debug\popcorn.res
c:\users\easton\desktop\popcorn\popcorn\x64\debug\popcorn.ilk
c:\users\easton\desktop\popcorn\popcorn\x64\debug\popcorn.tlog\cl.command.1.tlog
c:\users\easton\desktop\popcorn\popcorn\x64\debug\popcorn.tlog\cl.items.tlog
c:\users\easton\desktop\popcorn\popcorn\x64\debug\popcorn.tlog\cl.read.1.tlog
c:\users\easton\desktop\popcorn\popcorn\x64\debug\popcorn.tlog\cl.write.1.tlog
c:\users\easton\desktop\popcorn\popcorn\x64\debug\popcorn.tlog\link.command.1.tlog
c:\users\easton\desktop\popcorn\popcorn\x64\debug\popcorn.tlog\link.read.1.tlog
c:\users\easton\desktop\popcorn\popcorn\x64\debug\popcorn.tlog\link.secondary.1.tlog
c:\users\easton\desktop\popcorn\popcorn\x64\debug\popcorn.tlog\link.write.1.tlog
c:\users\easton\desktop\popcorn\popcorn\x64\debug\popcorn.tlog\rc.command.1.tlog
c:\users\easton\desktop\popcorn\popcorn\x64\debug\popcorn.tlog\rc.read.1.tlog
c:\users\easton\desktop\popcorn\popcorn\x64\debug\popcorn.tlog\rc.write.1.tlog
